<?xml version="1.0" encoding="UTF-8"?>
<testng-results ignored="0" total="6" passed="6" failed="0" skipped="0">
  <reporter-output>
  </reporter-output>
  <suite started-at="2025-08-08T21:36:40 IST" name="Suite" finished-at="2025-08-08T21:38:06 IST" duration-ms="85462">
    <groups>
    </groups>
    <test started-at="2025-08-08T21:36:40 IST" name="Test" finished-at="2025-08-08T21:38:06 IST" duration-ms="85462">
      <class name="com.google.testscripts.GoogeTest">
        <test-method is-config="true" signature="precondition()[pri:0, instance:com.google.testscripts.GoogeTest@350aac89]" started-at="2025-08-08T21:37:35 IST" name="precondition" finished-at="2025-08-08T21:37:38 IST" duration-ms="3874" status="PASS">
          <reporter-output>
          </reporter-output>
        </test-method> <!-- precondition -->
        <test-method signature="testGoogleSearchPage()[pri:0, instance:com.google.testscripts.GoogeTest@350aac89]" started-at="2025-08-08T21:37:38 IST" name="testGoogleSearchPage" finished-at="2025-08-08T21:37:38 IST" duration-ms="17" status="PASS">
          <reporter-output>
          </reporter-output>
        </test-method> <!-- testGoogleSearchPage -->
        <test-method is-config="true" signature="postCondition()[pri:0, instance:com.google.testscripts.GoogeTest@350aac89]" started-at="2025-08-08T21:37:38 IST" name="postCondition" finished-at="2025-08-08T21:37:39 IST" duration-ms="490" status="PASS">
          <reporter-output>
          </reporter-output>
        </test-method> <!-- postCondition -->
        <test-method is-config="true" signature="precondition()[pri:0, instance:com.google.testscripts.GoogeTest@350aac89]" started-at="2025-08-08T21:37:39 IST" name="precondition" finished-at="2025-08-08T21:37:42 IST" duration-ms="3532" status="PASS">
          <reporter-output>
          </reporter-output>
        </test-method> <!-- precondition -->
        <test-method signature="testGoogleSuggestionCount()[pri:0, instance:com.google.testscripts.GoogeTest@350aac89]" started-at="2025-08-08T21:37:42 IST" name="testGoogleSuggestionCount" finished-at="2025-08-08T21:37:43 IST" duration-ms="871" status="PASS">
          <reporter-output>
          </reporter-output>
        </test-method> <!-- testGoogleSuggestionCount -->
        <test-method is-config="true" signature="postCondition()[pri:0, instance:com.google.testscripts.GoogeTest@350aac89]" started-at="2025-08-08T21:37:43 IST" name="postCondition" finished-at="2025-08-08T21:37:44 IST" duration-ms="528" status="PASS">
          <reporter-output>
          </reporter-output>
        </test-method> <!-- postCondition -->
        <test-method is-config="true" signature="precondition()[pri:0, instance:com.google.testscripts.GoogeTest@350aac89]" started-at="2025-08-08T21:37:44 IST" name="precondition" finished-at="2025-08-08T21:37:47 IST" duration-ms="3149" status="PASS">
          <reporter-output>
          </reporter-output>
        </test-method> <!-- precondition -->
        <test-method signature="testSuggestionSelection()[pri:0, instance:com.google.testscripts.GoogeTest@350aac89]" started-at="2025-08-08T21:37:47 IST" name="testSuggestionSelection" finished-at="2025-08-08T21:38:05 IST" duration-ms="17706" status="PASS">
          <reporter-output>
          </reporter-output>
        </test-method> <!-- testSuggestionSelection -->
        <test-method is-config="true" signature="postCondition()[pri:0, instance:com.google.testscripts.GoogeTest@350aac89]" started-at="2025-08-08T21:38:05 IST" name="postCondition" finished-at="2025-08-08T21:38:05 IST" duration-ms="418" status="PASS">
          <reporter-output>
          </reporter-output>
        </test-method> <!-- postCondition -->
      </class> <!-- com.google.testscripts.GoogeTest -->
      <class name="testscripts_orangehrm.TestPIM">
        <test-method is-config="true" signature="openBrowser()[pri:0, instance:testscripts_orangehrm.TestPIM@548d708a]" started-at="2025-08-08T21:36:40 IST" name="openBrowser" finished-at="2025-08-08T21:36:46 IST" duration-ms="6351" status="PASS">
          <reporter-output>
          </reporter-output>
        </test-method> <!-- openBrowser -->
        <test-method is-config="true" signature="precondition()[pri:0, instance:testscripts_orangehrm.TestPIM@548d708a]" started-at="2025-08-08T21:36:47 IST" name="precondition" finished-at="2025-08-08T21:36:51 IST" duration-ms="4062" status="PASS">
          <reporter-output>
          </reporter-output>
        </test-method> <!-- precondition -->
        <test-method signature="testPIM_Creation()[pri:1, instance:testscripts_orangehrm.TestPIM@548d708a]" started-at="2025-08-08T21:36:51 IST" name="testPIM_Creation" finished-at="2025-08-08T21:37:09 IST" duration-ms="18468" status="PASS">
          <reporter-output>
          </reporter-output>
        </test-method> <!-- testPIM_Creation -->
        <test-method is-config="true" signature="postcondition()[pri:0, instance:testscripts_orangehrm.TestPIM@548d708a]" started-at="2025-08-08T21:37:09 IST" name="postcondition" finished-at="2025-08-08T21:37:11 IST" duration-ms="1556" status="PASS">
          <reporter-output>
          </reporter-output>
        </test-method> <!-- postcondition -->
        <test-method is-config="true" signature="precondition()[pri:0, instance:testscripts_orangehrm.TestPIM@548d708a]" started-at="2025-08-08T21:37:11 IST" name="precondition" finished-at="2025-08-08T21:37:14 IST" duration-ms="3458" status="PASS">
          <reporter-output>
          </reporter-output>
        </test-method> <!-- precondition -->
        <test-method signature="testPIM_Update()[pri:2, instance:testscripts_orangehrm.TestPIM@548d708a]" started-at="2025-08-08T21:37:14 IST" name="testPIM_Update" finished-at="2025-08-08T21:37:14 IST" depends-on-methods="testscripts_orangehrm.TestPIM.testPIM_Creation" duration-ms="2" status="PASS">
          <reporter-output>
          </reporter-output>
        </test-method> <!-- testPIM_Update -->
        <test-method is-config="true" signature="postcondition()[pri:0, instance:testscripts_orangehrm.TestPIM@548d708a]" started-at="2025-08-08T21:37:14 IST" name="postcondition" finished-at="2025-08-08T21:37:15 IST" duration-ms="1410" status="PASS">
          <reporter-output>
          </reporter-output>
        </test-method> <!-- postcondition -->
        <test-method is-config="true" signature="precondition()[pri:0, instance:testscripts_orangehrm.TestPIM@548d708a]" started-at="2025-08-08T21:37:15 IST" name="precondition" finished-at="2025-08-08T21:37:19 IST" duration-ms="3268" status="PASS">
          <reporter-output>
          </reporter-output>
        </test-method> <!-- precondition -->
        <test-method signature="testPIM_Delete()[pri:3, instance:testscripts_orangehrm.TestPIM@548d708a]" started-at="2025-08-08T21:37:19 IST" name="testPIM_Delete" finished-at="2025-08-08T21:37:33 IST" duration-ms="14329" status="PASS">
          <reporter-output>
          </reporter-output>
        </test-method> <!-- testPIM_Delete -->
        <test-method is-config="true" signature="postcondition()[pri:0, instance:testscripts_orangehrm.TestPIM@548d708a]" started-at="2025-08-08T21:37:33 IST" name="postcondition" finished-at="2025-08-08T21:37:35 IST" duration-ms="1470" status="PASS">
          <reporter-output>
          </reporter-output>
        </test-method> <!-- postcondition -->
        <test-method is-config="true" signature="closeBrowser()[pri:0, instance:testscripts_orangehrm.TestPIM@548d708a]" started-at="2025-08-08T21:38:05 IST" name="closeBrowser" finished-at="2025-08-08T21:38:06 IST" duration-ms="389" status="PASS">
          <reporter-output>
          </reporter-output>
        </test-method> <!-- closeBrowser -->
      </class> <!-- testscripts_orangehrm.TestPIM -->
    </test> <!-- Test -->
  </suite> <!-- Suite -->
</testng-results>
