<?xml version="1.0" encoding="UTF-8"?>
<!-- Generated by org.testng.reporters.JUnitXMLReporter -->
<testsuite ignored="6" hostname="DESKTOP-LLLGMOJ" failures="2" tests="38" name="Test" time="15.975" errors="0" timestamp="2025-07-19T08:34:32 IST">
  <testcase classname="day11.testngexamples.TricentisShoppinhSite" name="loginIntoTricentisValidateWithAssert" time="7.896"/>
  <testcase classname="day11.testngexamples.TricentisShoppinhSite" name="loginPageObjectValidateWithAssert" time="5.477"/>
  <testcase classname="day11.testngexamples.Example8" name="login" time="0.003"/>
  <testcase classname="day11.testngexamples.Example8" name="login" time="0.003"/>
  <testcase classname="day11.testngexamples.Example8" name="login" time="0.006"/>
  <testcase classname="day11.testngexamples.Example8" name="createLead" time="0.006"/>
  <testcase classname="day11.testngexamples.Example8" name="deleteLead" time="0.004"/>
  <testcase classname="day11.testngexamples.Example8" name="logout" time="2.119">
    <failure type="org.testng.internal.thread.ThreadTimeoutException" message="Method day11.testngexamples.Example8.logout() didn&amp;apos;t finish within the time-out 2000">
      <![CDATA[org.testng.internal.thread.ThreadTimeoutException: Method day11.testngexamples.Example8.logout() didn't finish within the time-out 2000
at java.base@17.0.3/java.lang.Thread.sleep(Native Method)
at app//day11.testngexamples.Example8.logout(Example8.java:18)
at java.base@17.0.3/java.util.concurrent.FutureTask.run(FutureTask.java:264)
at java.base@17.0.3/java.util.concurrent.ThreadPoolExecutor.runWorker(ThreadPoolExecutor.java:1136)
at java.base@17.0.3/java.util.concurrent.ThreadPoolExecutor$Worker.run(ThreadPoolExecutor.java:635)
at java.base@17.0.3/java.lang.Thread.run(Thread.java:833)
... Removed 8 stack frames]]>
    </failure>
  </testcase> <!-- logout -->
  <testcase classname="day11.testngexamples.Example5" name="login" time="0.003"/>
  <testcase classname="day11.testngexamples.Example5" name="createLead" time="0.001">
    <failure type="java.lang.ArithmeticException" message="/ by zero">
      <![CDATA[java.lang.ArithmeticException: / by zero
at day11.testngexamples.Example5.createLead(Example5.java:26)
at java.base/java.util.ArrayList.forEach(ArrayList.java:1511)
... Removed 27 stack frames]]>
    </failure>
  </testcase> <!-- createLead -->
  <testcase classname="day11.testngexamples.Example5" name="deleteLead" time="0.0">
    <skipped/>
  </testcase> <!-- deleteLead -->
  <testcase classname="day11.testngexamples.Example5" name="logout" time="0.001"/>
  <testcase classname="day11.testngexamples.Example4" name="login" time="0.003"/>
  <testcase classname="day11.testngexamples.Example4" name="createLead" time="0.004"/>
  <testcase classname="day11.testngexamples.Example4" name="deleteLead" time="0.001"/>
  <testcase classname="day11.testngexamples.Example4" name="logout" time="0.003"/>
  <testcase classname="day11.testngexamples.Example7" name="login" time="0.021"/>
  <testcase classname="day11.testngexamples.Example7" name="login" time="0.004"/>
  <testcase classname="day11.testngexamples.Example7" name="login" time="0.002"/>
  <testcase classname="day11.testngexamples.Example7" name="createLead" time="0.004"/>
  <testcase classname="day11.testngexamples.Example7" name="deleteLead" time="0.002"/>
  <testcase classname="day11.testngexamples.Example7" name="logout" time="0.003"/>
  <testcase classname="day11.testngexamples.Example6" name="login" time="0.001"/>
  <testcase classname="day11.testngexamples.Example6" name="createLead" time="0.002"/>
  <testcase classname="day11.testngexamples.Example6" name="deleteLead" time="0.005"/>
  <testcase classname="day11.testngexamples.Example6" name="logout" time="0.002"/>
  <testcase classname="day11.testngexamples.Example1" name="tc1" time="0.002"/>
  <testcase classname="day11.testngexamples.Example1" name="tc2" time="0.001"/>
  <testcase classname="day11.testngexamples.Example3" name="login" time="0.002"/>
  <testcase classname="day11.testngexamples.Example3" name="createLead" time="0.001"/>
  <testcase classname="day11.testngexamples.Example3" name="updateLead" time="0.004"/>
  <testcase classname="day11.testngexamples.Example3" name="deleteLead" time="0.004"/>
  <testcase classname="day11.testngexamples.Example3" name="logout" time="0.002"/>
  <testcase classname="day11.testngexamples.Example2" name="createLead" time="0.001"/>
  <testcase classname="day11.testngexamples.Example2" name="deleteLead" time="0.012"/>
  <testcase classname="day11.testngexamples.Example2" name="login" time="0.005"/>
  <testcase classname="day11.testngexamples.Example2" name="updateLead" time="0.0"/>
  <testcase classname="day11.testngexamples.NewTest" name="test" time="0.002"/>
  <testcase classname="day11.testngexamples.Example7" name="updateLead" time="0.0">
    <ignored/>
  </testcase> <!-- updateLead -->
  <testcase classname="day11.testngexamples.Example4" name="updateLead" time="0.0">
    <ignored/>
  </testcase> <!-- updateLead -->
  <testcase classname="day11.testngexamples.Example6" name="updateLead" time="0.0">
    <ignored/>
  </testcase> <!-- updateLead -->
  <testcase classname="day11.testngexamples.Example8" name="updateLead" time="0.0">
    <ignored/>
  </testcase> <!-- updateLead -->
  <testcase classname="day11.testngexamples.Example5" name="updateLead" time="0.0">
    <ignored/>
  </testcase> <!-- updateLead -->
  <testcase classname="day11.testngexamples.TricentisShoppinhSite" name="loginIntoTricentis" time="0.0">
    <ignored/>
  </testcase> <!-- loginIntoTricentis -->
</testsuite> <!-- Test -->
