<?xml version="1.0" encoding="UTF-8"?>
<!-- Generated by org.testng.reporters.JUnitXMLReporter -->
<testsuite ignored="1" hostname="DESKTOP-LLLGMOJ" failures="0" tests="3" name="Chrome" time="66.37" errors="0" timestamp="2025-08-02T20:46:40 IST">
  <testcase classname="day11.advancetestng.ParallelExecutionTest" name="testLoginOfVtiger" time="9.945"/>
  <testcase classname="day11.testngexamples.TricentisShoppinhSite" name="loginIntoTricentisValidateWithAssert" time="42.061"/>
  <testcase classname="day11.testngexamples.TricentisShoppinhSite" name="loginPageObjectValidateWithAssert" time="14.257"/>
  <testcase classname="day11.testngexamples.TricentisShoppinhSite" name="loginIntoTricentis" time="0.0">
    <ignored/>
  </testcase> <!-- loginIntoTricentis -->
</testsuite> <!-- Chrome -->
