<?xml version="1.0" encoding="UTF-8"?>
<testng-results ignored="0" total="2" passed="2" failed="0" skipped="0">
  <reporter-output>
  </reporter-output>
  <suite started-at="2025-07-19T08:40:45 IST" name="Default suite" finished-at="2025-07-19T08:40:45 IST" duration-ms="244">
    <groups>
    </groups>
    <test started-at="2025-07-19T08:40:45 IST" name="Default test" finished-at="2025-07-19T08:40:45 IST" duration-ms="244">
      <class name="day11.testngexamples.AnnotationsBeforeMethodtAfterMethod">
        <test-method is-config="true" signature="login()[pri:0, instance:day11.testngexamples.AnnotationsBeforeMethodtAfterMethod@729d991e]" started-at="2025-07-19T08:40:45 IST" name="login" finished-at="2025-07-19T08:40:45 IST" duration-ms="19" status="PASS">
          <reporter-output>
          </reporter-output>
        </test-method> <!-- login -->
        <test-method signature="createLead()[pri:0, instance:day11.testngexamples.AnnotationsBeforeMethodtAfterMethod@729d991e]" started-at="2025-07-19T08:40:45 IST" name="createLead" finished-at="2025-07-19T08:40:45 IST" duration-ms="19" status="PASS">
          <reporter-output>
          </reporter-output>
        </test-method> <!-- createLead -->
        <test-method is-config="true" signature="logout()[pri:0, instance:day11.testngexamples.AnnotationsBeforeMethodtAfterMethod@729d991e]" started-at="2025-07-19T08:40:45 IST" name="logout" finished-at="2025-07-19T08:40:45 IST" duration-ms="1" status="PASS">
          <reporter-output>
          </reporter-output>
        </test-method> <!-- logout -->
        <test-method is-config="true" signature="login()[pri:0, instance:day11.testngexamples.AnnotationsBeforeMethodtAfterMethod@729d991e]" started-at="2025-07-19T08:40:45 IST" name="login" finished-at="2025-07-19T08:40:45 IST" duration-ms="2" status="PASS">
          <reporter-output>
          </reporter-output>
        </test-method> <!-- login -->
        <test-method signature="deleteLead()[pri:0, instance:day11.testngexamples.AnnotationsBeforeMethodtAfterMethod@729d991e]" started-at="2025-07-19T08:40:45 IST" name="deleteLead" finished-at="2025-07-19T08:40:45 IST" duration-ms="10" status="PASS">
          <reporter-output>
          </reporter-output>
        </test-method> <!-- deleteLead -->
        <test-method is-config="true" signature="logout()[pri:0, instance:day11.testngexamples.AnnotationsBeforeMethodtAfterMethod@729d991e]" started-at="2025-07-19T08:40:45 IST" name="logout" finished-at="2025-07-19T08:40:45 IST" duration-ms="0" status="PASS">
          <reporter-output>
          </reporter-output>
        </test-method> <!-- logout -->
      </class> <!-- day11.testngexamples.AnnotationsBeforeMethodtAfterMethod -->
    </test> <!-- Default test -->
  </suite> <!-- Default suite -->
</testng-results>
