<?xml version="1.0" encoding="UTF-8"?>
<!-- Generated by org.testng.reporters.JUnitXMLReporter -->
<testsuite ignored="7" hostname="DESKTOP-LLLGMOJ" failures="2" tests="3" name="Test(failed)" time="2.189" errors="0" timestamp="2025-08-02T20:52:27 IST">
  <testcase classname="day11.testngexamples.Example5" name="createLead" time="0.021">
    <failure type="java.lang.ArithmeticException" message="/ by zero">
      <![CDATA[java.lang.ArithmeticException: / by zero
at day11.testngexamples.Example5.createLead(Example5.java:26)
at java.base/java.util.ArrayList.forEach(ArrayList.java:1511)
... Removed 27 stack frames]]>
    </failure>
  </testcase> <!-- createLead -->
  <testcase classname="day11.testngexamples.Example5" name="deleteLead" time="0.001">
    <skipped/>
  </testcase> <!-- deleteLead -->
  <testcase classname="day11.testngexamples.Example8" name="logout" time="2.045">
    <failure type="org.testng.internal.thread.ThreadTimeoutException" message="Method day11.testngexamples.Example8.logout() didn&amp;apos;t finish within the time-out 2000">
      <![CDATA[org.testng.internal.thread.ThreadTimeoutException: Method day11.testngexamples.Example8.logout() didn't finish within the time-out 2000
at java.base@17.0.3/java.lang.Thread.sleep(Native Method)
at app//day11.testngexamples.Example8.logout(Example8.java:18)
at java.base@17.0.3/java.util.concurrent.FutureTask.run(FutureTask.java:264)
at java.base@17.0.3/java.util.concurrent.ThreadPoolExecutor.runWorker(ThreadPoolExecutor.java:1136)
at java.base@17.0.3/java.util.concurrent.ThreadPoolExecutor$Worker.run(ThreadPoolExecutor.java:635)
at java.base@17.0.3/java.lang.Thread.run(Thread.java:833)
... Removed 8 stack frames]]>
    </failure>
  </testcase> <!-- logout -->
  <testcase classname="day11.testngexamples.Example5" name="login" time="0.0">
    <ignored/>
  </testcase> <!-- login -->
  <testcase classname="day11.testngexamples.Example8" name="updateLead" time="0.0">
    <ignored/>
  </testcase> <!-- updateLead -->
  <testcase classname="day11.testngexamples.Example5" name="updateLead" time="0.0">
    <ignored/>
  </testcase> <!-- updateLead -->
  <testcase classname="day11.testngexamples.Example8" name="createLead" time="0.0">
    <ignored/>
  </testcase> <!-- createLead -->
  <testcase classname="day11.testngexamples.Example8" name="login" time="0.0">
    <ignored/>
  </testcase> <!-- login -->
  <testcase classname="day11.testngexamples.Example8" name="deleteLead" time="0.0">
    <ignored/>
  </testcase> <!-- deleteLead -->
  <testcase classname="day11.testngexamples.Example5" name="logout" time="0.0">
    <ignored/>
  </testcase> <!-- logout -->
</testsuite> <!-- Test(failed) -->
