<?xml version="1.0" encoding="UTF-8"?>
<!-- Generated by org.testng.reporters.JUnitXMLReporter -->
<testsuite ignored="0" hostname="DESKTOP-LLLGMOJ" failures="0" tests="6" name="Test" time="85.462" errors="0" timestamp="2025-08-08T21:38:06 IST">
  <testcase classname="testscripts_orangehrm.TestPIM" name="testPIM_Creation" time="18.468"/>
  <testcase classname="testscripts_orangehrm.TestPIM" name="testPIM_Update" time="0.002"/>
  <testcase classname="testscripts_orangehrm.TestPIM" name="testPIM_Delete" time="14.329"/>
  <testcase classname="com.google.testscripts.GoogeTest" name="testGoogleSearchPage" time="0.017"/>
  <testcase classname="com.google.testscripts.GoogeTest" name="testGoogleSuggestionCount" time="0.871"/>
  <testcase classname="com.google.testscripts.GoogeTest" name="testSuggestionSelection" time="17.706"/>
</testsuite> <!-- Test -->
