<?xml version="1.0" encoding="UTF-8"?>
<testng-results ignored="0" total="1" passed="1" failed="0" skipped="0">
  <reporter-output>
  </reporter-output>
  <suite started-at="2025-08-16T08:19:59 IST" name="Default suite" finished-at="2025-08-16T08:19:59 IST" duration-ms="109">
    <groups>
    </groups>
    <test started-at="2025-08-16T08:19:59 IST" name="Default test" finished-at="2025-08-16T08:19:59 IST" duration-ms="109">
      <class name="day1.apisession1.Example4">
        <test-method signature="jsonReaders()[pri:0, instance:day1.apisession1.Example4@1fb700ee]" started-at="2025-08-16T08:19:59 IST" name="jsonReaders" finished-at="2025-08-16T08:19:59 IST" duration-ms="32" status="PASS">
          <reporter-output>
          </reporter-output>
        </test-method> <!-- jsonReaders -->
      </class> <!-- day1.apisession1.Example4 -->
    </test> <!-- Default test -->
  </suite> <!-- Default suite -->
</testng-results>
