<?xml version="1.0" encoding="UTF-8"?>
<!-- Generated by org.testng.reporters.JUnitXMLReporter -->
<testsuite ignored="0" hostname="DESKTOP-LLLGMOJ" failures="0" tests="2" name="Default test" time="0.244" errors="0" timestamp="2025-07-19T08:40:45 IST">
  <testcase classname="day11.testngexamples.AnnotationsBeforeMethodtAfterMethod" name="createLead" time="0.019"/>
  <testcase classname="day11.testngexamples.AnnotationsBeforeMethodtAfterMethod" name="deleteLead" time="0.01"/>
</testsuite> <!-- Default test -->
