<?xml version="1.0" encoding="UTF-8"?>
<!-- Generated by org.testng.reporters.JUnitXMLReporter -->
<testsuite ignored="2" hostname="DESKTOP-LLLGMOJ" failures="0" tests="1" name="Default test" time="4.487" errors="0" timestamp="2025-08-17T08:24:43 IST">
  <testcase classname="day2.jsonAndSerializationPojo.Example5" name="updateUserDetails" time="4.405"/>
  <testcase classname="day2.jsonAndSerializationPojo.Example5" name="deleteOps" time="0.0">
    <ignored/>
  </testcase> <!-- deleteOps -->
  <testcase classname="day2.jsonAndSerializationPojo.Example5" name="getPetSatus" time="0.0">
    <ignored/>
  </testcase> <!-- getPetSatus -->
</testsuite> <!-- Default test -->
